[**VHA**] Alumno alumno visita hilo DAT
[**VHA**] Alumno alumno visita hilo DAT
[**SLA**] Alumno alumno identificado sin logout.
Inicio de presentación de alumno
[**VHA**] Alumno alumno visita hilo DAT
[**VEA**] Alumno alumno visita ESTADISTICAS de DAT
[**VEA**] Alumno alumno visita ESTADISTICAS de DAT
[**VHA**] Alumno alumno visita hilo DAT
[**VRA**] Alumno alumno visita RANKING de DAT
[**VIA**] Alumno alumno visita INFOPUNTUACIONES de DAT
[**VEA**] Alumno alumno visita ESTADISTICAS de DAT
[**VEA**] Alumno alumno visita ESTADISTICAS de DAT
[**VEA**] Alumno alumno visita ESTADISTICAS de DAT
[**VEA**] Alumno alumno visita ESTADISTICAS de DAT
[**LU**] Usuario alumno ha salido de la aplicación.
Inicio de aplicación
[**IT**] Tutor profe identificado con éxito.
Inicio de presentación de profesor
[**VHT**] Tutor profe visita hilo DAT
[**VRT**] Tutor profe visita RÁNKING de DAT
[**VHT**] Tutor profe visita hilo DAT
[**SLT**] Tutor profe identificado sin logout.
Inicio de presentación de profesor
[**VHT**] Tutor profe visita hilo DAT
[**VHT**] Tutor profe visita hilo DAT
Inicio de presentación de profesor
[**LU**] Usuario profe ha salido de la aplicación.
Inicio de aplicación
[**IA**] Alumno alumno identificado con éxito.
Inicio de presentación de alumno
[**VHA**] Alumno alumno visita hilo DAT
[**VEA**] Alumno alumno visita ESTADISTICAS de DAT
[**VHA**] Alumno alumno visita hilo DAT
[**VEA**] Alumno alumno visita ESTADISTICAS de DAT
